2023-02-23 16:24:53.691 | INFO     | __main__:findJob_email_send:374 - Info:{'time': '2023-02-23 16:24:53.686297', 'e_mail': '3331336919@qq.com', 'gender': '男', 'age': 25, 'city': '臺北市', 'area': '全部', 'professional': '有專門證照', 'job': '土石採礦工作', 'mphone': '1234567890', 'ip': 'Nan'}
2023-02-23 16:27:34.251 | INFO     | __main__:findJob_email_send:374 - Info:{'time': '2023-02-23 16:27:34.250949', 'e_mail': '3331336919@qq.com', 'gender': '男', 'age': 25, 'city': '臺北市', 'area': '全部', 'professional': '有專門證照', 'job': '土石採礦工作', 'mphone': '1234567890', 'ip': 'Nan'}
2023-02-23 16:28:26.473 | INFO     | __main__:findJob_email_send:374 - Info:{'time': '2023-02-23 16:28:26.471014', 'e_mail': '3331336919@qq.com', 'gender': '男', 'age': 25, 'city': '臺北市', 'area': '全部', 'professional': '有專門證照', 'job': '土石採礦工作', 'mphone': '1234567890', 'ip': 'Nan'}
2023-02-23 16:29:24.041 | INFO     | __main__:findJob_email_send:374 - Info:{'time': '2023-02-23 16:29:24.040657', 'e_mail': '3331336919@qq.com', 'gender': '男', 'age': 25, 'city': '臺北市', 'area': '全部', 'professional': '有專門證照', 'job': '土石採礦工作', 'mphone': '1234567890', 'ip': 'Nan'}
2023-02-23 16:29:55.546 | INFO     | __main__:findJob_email_send:374 - Info:{'time': '2023-02-23 16:29:55.545479', 'e_mail': '495108670@qq.com', 'gender': '男', 'age': 25, 'city': '臺北市', 'area': '全部', 'professional': '有專門證照', 'job': '土石採礦工作', 'mphone': '1234567890', 'ip': 'Nan'}
2023-02-23 16:40:41.182 | INFO     | __main__:findJob_email_send:374 - Info:{'time': '2023-02-23 16:40:41.181538', 'e_mail': '3331336919@gmail.com', 'gender': '男', 'age': 25, 'city': '臺北市', 'area': '全部', 'professional': '有專門證照', 'job': '土石採礦工作', 'mphone': '1234567890', 'ip': 'Nan'}
2023-02-23 16:41:52.389 | INFO     | __main__:findJob_email_send:374 - Info:{'time': '2023-02-23 16:41:52.386636', 'e_mail': '495108670@qq.com', 'gender': '男', 'age': 25, 'city': '臺北市', 'area': '全部', 'professional': '有專門證照', 'job': '土石採礦工作', 'mphone': '1234567890', 'ip': 'Nan'}
2023-02-23 16:43:01.622 | INFO     | __main__:findJob_email_send:374 - Info:{'time': '2023-02-23 16:43:01.621341', 'e_mail': '3331336919@qq.com', 'gender': '男', 'age': 25, 'city': '臺北市', 'area': '全部', 'professional': '有專門證照', 'job': '土石採礦工作', 'mphone': '1234567890', 'ip': 'Nan'}
2023-02-23 16:43:25.464 | INFO     | __main__:findJob_email_send:374 - Info:{'time': '2023-02-23 16:43:25.462876', 'e_mail': '3331336919@qq.com', 'gender': '男', 'age': 25, 'city': '臺北市', 'area': '全部', 'professional': '有專門證照', 'job': '土石採礦工作', 'mphone': '1234567890', 'ip': 'Nan'}
2023-02-23 16:44:01.999 | INFO     | __main__:findJob_email_send:374 - Info:{'time': '2023-02-23 16:44:01.997867', 'e_mail': '3331336919@qq.com', 'gender': '男', 'age': 25, 'city': '臺北市', 'area': '全部', 'professional': '有專門證照', 'job': '土石採礦工作', 'mphone': '1234567890', 'ip': 'Nan'}
2023-02-23 16:46:41.957 | INFO     | __main__:findJob_email_send:374 - Info:{'time': '2023-02-23 16:46:41.956690', 'e_mail': '3331336919@qq.com', 'gender': '男', 'age': 25, 'city': '臺北市', 'area': '全部', 'professional': '有專門證照', 'job': '土石採礦工作', 'mphone': '1234567890', 'ip': 'Nan'}
2023-02-23 16:50:58.627 | INFO     | __main__:findJob_email_send:374 - Info:{'time': '2023-02-23 16:50:58.625482', 'e_mail': 'jiyuanc1@gmail.com', 'gender': '男', 'age': 25, 'city': '臺北市', 'area': '全部', 'professional': '有專門證照', 'job': '土石採礦工作', 'mphone': '1234567890', 'ip': 'Nan'}
2023-02-23 16:51:38.641 | INFO     | __main__:findJob_email_send:374 - Info:{'time': '2023-02-23 16:51:38.639881', 'e_mail': '3331336919@qq.com', 'gender': '男', 'age': 25, 'city': '臺北市', 'area': '全部', 'professional': '有專門證照', 'job': '土石採礦工作', 'mphone': '1234567890', 'ip': 'Nan'}
2023-02-23 17:21:04.823 | INFO     | __main__:findJob_email_send:373 - Info:{'time': '2023-02-23 17:21:04.822643', 'e_mail': '3331336919@qq.com', 'gender': '男', 'age': 25, 'city': '臺北市', 'area': '全部', 'professional': '有專門證照', 'job': '土石採礦工作', 'mphone': '1234567890', 'ip': 'Nan'}
2023-02-23 17:21:26.196 | INFO     | __main__:findJob_email_send:373 - Info:{'time': '2023-02-23 17:21:26.195221', 'e_mail': '495108670@qq.com', 'gender': '男', 'age': 25, 'city': '臺北市', 'area': '全部', 'professional': '有專門證照', 'job': '土石採礦工作', 'mphone': '1234567890', 'ip': 'Nan'}
2023-02-23 17:23:35.849 | INFO     | __main__:findJob_email_send:373 - Info:{'time': '2023-02-23 17:23:35.848595', 'e_mail': '495108670@qq.com', 'gender': '男', 'age': 25, 'city': '臺北市', 'area': '全部', 'professional': '有專門證照', 'job': '土石採礦工作', 'mphone': '1234567890', 'ip': 'Nan'}
2023-02-23 17:30:12.318 | INFO     | __main__:findJob_email_send:373 - Info:{'time': '2023-02-23 17:30:12.316971', 'e_mail': '495108670@qq.com', 'gender': '男', 'age': 25, 'city': '臺北市', 'area': '全部', 'professional': '有專門證照', 'job': '土石採礦工作', 'mphone': '1234567890', 'ip': 'Nan'}
2023-02-23 17:30:34.833 | INFO     | __main__:findJob_email_send:373 - Info:{'time': '2023-02-23 17:30:34.831076', 'e_mail': '3331336919@qq.com', 'gender': '男', 'age': 25, 'city': '臺北市', 'area': '全部', 'professional': '有專門證照', 'job': '醫療保健及社會工作服務業', 'mphone': '1234567890', 'ip': 'Nan'}
2023-02-23 17:31:29.595 | INFO     | __main__:findJob_email_send:373 - Info:{'time': '2023-02-23 17:31:29.594123', 'e_mail': '3331336919@qq.com', 'gender': '男', 'age': 25, 'city': '臺北市', 'area': '全部', 'professional': '有專門證照', 'job': '土石採礦工作', 'mphone': '1234567890', 'ip': 'Nan'}
2023-02-23 17:34:51.240 | INFO     | __main__:changeJob_email_send:437 - Info:{'time': '2023-02-23 17:34:51.239036', 'e_mail': '495108670@qq.com', 'gender': '男', 'age': 25, 'city': '臺北市', 'area': '全部', 'job_year': '1年以下', 'present_job': '土石採礦工作', 'mphone': '1234567890', 'ip': 'Nan'}
2023-02-25 13:02:33.276 | INFO     | __main__:findJob_email_send:372 - Info:{'time': '2023-02-25 13:02:33.276805', 'e_mail': '495108670@qq.com', 'gender': '男', 'age': 25, 'city': '臺北市', 'area': '全部', 'professional': '有專門證照', 'job': '土石採礦工作', 'mphone': '1234567890', 'ip': 'Nan'}
2023-02-25 13:02:46.685 | INFO     | __main__:changeJob_email_send:437 - Info:{'time': '2023-02-25 13:02:46.684413', 'e_mail': '495108670@qq.com', 'gender': '男', 'age': 25, 'city': '臺北市', 'area': '全部', 'job_year': '1年以下', 'present_job': '土石採礦工作', 'mphone': '1234567890', 'ip': 'Nan'}
2023-02-25 13:02:58.669 | INFO     | __main__:changeJob_email_send:437 - Info:{'time': '2023-02-25 13:02:58.667936', 'e_mail': '495108670@qq.com', 'gender': '男', 'age': 25, 'city': '臺北市', 'area': '全部', 'job_year': '1年以下', 'present_job': '專業科學及技術服務業', 'mphone': '1234567890', 'ip': 'Nan'}
2023-02-25 13:03:13.814 | INFO     | __main__:changeJob_email_send:437 - Info:{'time': '2023-02-25 13:03:13.812105', 'e_mail': '495108670@qq.com', 'gender': '男', 'age': 25, 'city': '宜蘭縣', 'area': '全部', 'job_year': '1年以下', 'present_job': '土石採礦工作', 'mphone': '1234567890', 'ip': 'Nan'}
2023-02-25 13:38:44.163 | INFO     | __main__:findJob_email_send:372 - Info:{'time': '2023-02-25 13:38:44.162814', 'e_mail': '495108670@qq.com', 'gender': '男', 'age': 25, 'city': '臺北市', 'area': '全部', 'professional': '有專門證照', 'job': '土石採礦工作', 'mphone': '1234567890', 'ip': 'Nan'}
2023-02-25 13:42:43.339 | INFO     | __main__:findJob_email_send:372 - Info:{'time': '2023-02-25 13:42:43.339918', 'e_mail': '495108670@qq.com', 'gender': '男', 'age': 25, 'city': '臺北市', 'area': '全部', 'professional': '有專門證照', 'job': '土石採礦工作', 'mphone': '1234567890', 'ip': 'Nan'}
2023-02-25 13:45:58.055 | INFO     | __main__:findJob_email_send:372 - Info:{'time': '2023-02-25 13:45:58.055107', 'e_mail': '495108670@qq.com', 'gender': '男', 'age': 25, 'city': '臺北市', 'area': '全部', 'professional': '有專門證照', 'job': '土石採礦工作', 'mphone': '1234567890', 'ip': 'Nan'}
2023-02-25 13:46:23.271 | INFO     | __main__:findJob_email_send:372 - Info:{'time': '2023-02-25 13:46:23.271621', 'e_mail': '495108670@qq.com', 'gender': '男', 'age': 25, 'city': '臺北市', 'area': '全部', 'professional': '有專門證照', 'job': '土石採礦工作', 'mphone': '1234567890', 'ip': 'Nan'}
2023-02-25 13:48:57.238 | INFO     | __main__:findJob_email_send:372 - Info:{'time': '2023-02-25 13:48:57.238135', 'e_mail': '495108670@qq.com', 'gender': '男', 'age': 25, 'city': '臺北市', 'area': '全部', 'professional': '有專門證照', 'job': '土石採礦工作', 'mphone': '1234567890', 'ip': 'Nan'}
2023-02-25 13:49:10.043 | INFO     | __main__:findJob_email_send:372 - Info:{'time': '2023-02-25 13:49:10.041349', 'e_mail': '3331336919@qq.com', 'gender': '男', 'age': 25, 'city': '臺北市', 'area': '全部', 'professional': '有專門證照', 'job': '土石採礦工作', 'mphone': '1234567890', 'ip': 'Nan'}
2023-02-25 13:50:56.462 | INFO     | __main__:findJob_email_send:372 - Info:{'time': '2023-02-25 13:50:56.461501', 'e_mail': '495108670@qq.com', 'gender': '男', 'age': 25, 'city': '臺北市', 'area': '全部', 'professional': '有專門證照', 'job': '土石採礦工作', 'mphone': '1234567890', 'ip': 'Nan'}
2023-02-25 13:58:32.347 | INFO     | __main__:findJob_email_send:372 - Info:{'time': '2023-02-25 13:58:32.344214', 'e_mail': '495108670@qq.com', 'gender': '男', 'age': 25, 'city': '臺北市', 'area': '全部', 'professional': '有專門證照', 'job': '土石採礦工作', 'mphone': '1234567890', 'ip': 'Nan'}
2023-02-25 14:25:09.670 | INFO     | __main__:findJob_email_send:374 - Info:{'time': '2023-02-25 14:25:09.669980', 'e_mail': '495108670@qq.com', 'gender': '男', 'age': 25, 'city': '臺北市', 'area': '全部', 'professional': '有專門證照', 'job': '土石採礦工作', 'mphone': '1234567890', 'ip': 'Nan'}
2023-02-25 15:22:58.092 | INFO     | __main__:findJob_email_send:399 - Info:{'time': '2023-02-25 15:22:58.091077', 'e_mail': '495108670@qq.com', 'gender': '男', 'age': 25, 'city': '臺北市', 'area': '全部', 'professional': '有專門證照', 'job': '土石採礦工作', 'mphone': '1234567890', 'ip': 'Nan'}
2023-02-25 15:23:13.895 | INFO     | __main__:changeJob_email_send:464 - Info:{'time': '2023-02-25 15:23:13.895995', 'e_mail': '495108670@qq.com', 'gender': '男', 'age': 25, 'city': '臺北市', 'area': '全部', 'job_year': '1年以下', 'present_job': '土石採礦工作', 'mphone': '1234567890', 'ip': 'Nan'}
2023-02-25 16:11:47.040 | INFO     | __main__:findJob_email_send:398 - Info:{'time': '2023-02-25 16:11:47.040513', 'e_mail': '495108670@qq.com', 'gender': '男', 'age': 25, 'city': '臺北市', 'area': '全部', 'professional': '有專門證照', 'job': '土石採礦工作', 'mphone': '1234567890', 'ip': 'Nan'}
2023-02-25 16:12:53.052 | INFO     | __main__:findJob_email_send:398 - Info:{'time': '2023-02-25 16:12:53.050359', 'e_mail': '495108670@qq.com', 'gender': '男', 'age': 25, 'city': '臺北市', 'area': '全部', 'professional': '有專門證照', 'job': '土石採礦工作', 'mphone': '1234567890', 'ip': 'Nan'}
2023-02-25 16:13:22.957 | INFO     | __main__:findJob_email_send:398 - Info:{'time': '2023-02-25 16:13:22.957010', 'e_mail': '495108670@qq.com', 'gender': '男', 'age': 25, 'city': '臺北市', 'area': '全部', 'professional': '有專門證照', 'job': '土石採礦工作', 'mphone': '1234567890', 'ip': 'Nan'}
2023-02-25 16:14:34.451 | INFO     | __main__:findJob_email_send:398 - Info:{'time': '2023-02-25 16:14:34.449635', 'e_mail': '495108670@qq.com', 'gender': '男', 'age': 25, 'city': '臺北市', 'area': '全部', 'professional': '有專門證照', 'job': '土石採礦工作', 'mphone': '1234567890', 'ip': 'Nan'}
2023-02-25 16:16:31.474 | INFO     | __main__:findJob_email_send:398 - Info:{'time': '2023-02-25 16:16:31.472710', 'e_mail': '495108670@qq.com', 'gender': '男', 'age': 25, 'city': '臺北市', 'area': '全部', 'professional': '有專門證照', 'job': '土石採礦工作', 'mphone': '1234567890', 'ip': 'Nan'}
2023-02-25 16:18:50.010 | INFO     | __main__:findJob_email_send:398 - Info:{'time': '2023-02-25 16:18:50.008503', 'e_mail': '495108670@qq.com', 'gender': '男', 'age': 25, 'city': '臺北市', 'area': '全部', 'professional': '有專門證照', 'job': '土石採礦工作', 'mphone': '1234567890', 'ip': 'Nan'}
2023-02-25 16:20:18.906 | INFO     | __main__:findJob_email_send:398 - Info:{'time': '2023-02-25 16:20:18.906550', 'e_mail': '495108670@qq.com', 'gender': '男', 'age': 25, 'city': '臺北市', 'area': '全部', 'professional': '有專門證照', 'job': '土石採礦工作', 'mphone': '1234567890', 'ip': 'Nan'}
2023-02-25 16:21:14.351 | INFO     | __main__:findJob_email_send:398 - Info:{'time': '2023-02-25 16:21:14.350010', 'e_mail': '495108670@qq.com', 'gender': '男', 'age': 25, 'city': '臺北市', 'area': '全部', 'professional': '有專門證照', 'job': '土石採礦工作', 'mphone': '1234567890', 'ip': 'Nan'}
2023-02-25 16:21:51.206 | INFO     | __main__:findJob_email_send:398 - Info:{'time': '2023-02-25 16:21:51.206641', 'e_mail': '495108670@qq.com', 'gender': '男', 'age': 25, 'city': '臺北市', 'area': '全部', 'professional': '有專門證照', 'job': '土石採礦工作', 'mphone': '1234567890', 'ip': 'Nan'}
2023-02-25 16:25:37.289 | INFO     | __main__:findJob_email_send:398 - Info:{'time': '2023-02-25 16:25:37.289324', 'e_mail': '495108670@qq.com', 'gender': '男', 'age': 25, 'city': '臺北市', 'area': '全部', 'professional': '有專門證照', 'job': '土石採礦工作', 'mphone': '1234567890', 'ip': 'Nan'}
2023-02-25 16:26:00.480 | INFO     | __main__:findJob_email_send:398 - Info:{'time': '2023-02-25 16:26:00.479027', 'e_mail': '495108670@qq.com', 'gender': '男', 'age': 25, 'city': '臺北市', 'area': '全部', 'professional': '有專門證照', 'job': '土石採礦工作', 'mphone': '1234567890', 'ip': 'Nan'}
2023-02-25 16:26:25.188 | INFO     | __main__:findJob_email_send:398 - Info:{'time': '2023-02-25 16:26:25.188604', 'e_mail': '495108670@qq.com', 'gender': '男', 'age': 25, 'city': '臺北市', 'area': '全部', 'professional': '有專門證照', 'job': '土石採礦工作', 'mphone': '1234567890', 'ip': 'Nan'}
2023-02-25 16:30:33.738 | INFO     | __main__:findJob_email_send:398 - Info:{'time': '2023-02-25 16:30:33.738510', 'e_mail': '495108670@qq.com', 'gender': '男', 'age': 25, 'city': '臺北市', 'area': '全部', 'professional': '有專門證照', 'job': '土石採礦工作', 'mphone': '1234567890', 'ip': 'Nan'}
2023-02-25 16:31:31.304 | INFO     | __main__:findJob_email_send:396 - Info:{'time': '2023-02-25 16:31:31.304968', 'e_mail': '495108670@qq.com', 'gender': '男', 'age': 25, 'city': '臺北市', 'area': '全部', 'professional': '有專門證照', 'job': '土石採礦工作', 'mphone': '1234567890', 'ip': 'Nan'}
2023-02-25 16:42:08.670 | INFO     | __main__:findJob_email_send:396 - Info:{'time': '2023-02-25 16:42:08.670429', 'e_mail': '3331336919@qq.com', 'gender': '男', 'age': 25, 'city': '臺北市', 'area': '全部', 'professional': '有專門證照', 'job': '土石採礦工作', 'mphone': '1234567890', 'ip': 'Nan'}
2023-02-25 16:54:09.033 | INFO     | __main__:findJob_email_send:396 - Info:{'time': '2023-02-25 16:54:09.032460', 'e_mail': '495108670@qq.com', 'gender': '男', 'age': 25, 'city': '臺北市', 'area': '全部', 'professional': '有專門證照', 'job': '土石採礦工作', 'mphone': '1234567890', 'ip': 'Nan'}
2023-02-25 16:54:29.141 | INFO     | __main__:findJob_email_send:396 - Info:{'time': '2023-02-25 16:54:29.125582', 'e_mail': '495108670@qq.com', 'gender': '男', 'age': 25, 'city': '臺北市', 'area': '全部', 'professional': '有專門證照', 'job': '土石採礦工作', 'mphone': '1234567890', 'ip': 'Nan'}
2023-02-25 16:56:49.296 | INFO     | __main__:findJob_email_send:396 - Info:{'time': '2023-02-25 16:56:49.295356', 'e_mail': '495108670@qq.com', 'gender': '男', 'age': 25, 'city': '臺北市', 'area': '全部', 'professional': '有專門證照', 'job': '土石採礦工作', 'mphone': '1234567890', 'ip': 'Nan'}
2023-02-25 16:59:06.567 | INFO     | __main__:findJob_email_send:396 - Info:{'time': '2023-02-25 16:59:06.565644', 'e_mail': '495108670@qq.com', 'gender': '男', 'age': 25, 'city': '臺北市', 'area': '全部', 'professional': '有專門證照', 'job': '土石採礦工作', 'mphone': '1234567890', 'ip': 'Nan'}
2023-02-25 17:00:20.041 | INFO     | __main__:findJob_email_send:396 - Info:{'time': '2023-02-25 17:00:20.041247', 'e_mail': '495108670@qq.com', 'gender': '男', 'age': 25, 'city': '臺北市', 'area': '全部', 'professional': '有專門證照', 'job': '土石採礦工作', 'mphone': '1234567890', 'ip': 'Nan'}
2023-02-25 17:01:12.984 | INFO     | __main__:findJob_email_send:396 - Info:{'time': '2023-02-25 17:01:12.982179', 'e_mail': '495108670@qq.com', 'gender': '男', 'age': 25, 'city': '臺北市', 'area': '全部', 'professional': '有專門證照', 'job': '土石採礦工作', 'mphone': '1234567890', 'ip': 'Nan'}
2023-02-25 17:02:29.868 | INFO     | __main__:findJob_email_send:396 - Info:{'time': '2023-02-25 17:02:29.868469', 'e_mail': '495108670@qq.com', 'gender': '男', 'age': 25, 'city': '臺北市', 'area': '全部', 'professional': '有專門證照', 'job': '土石採礦工作', 'mphone': '1234567890', 'ip': 'Nan'}
2023-02-25 17:05:34.967 | INFO     | __main__:findJob_email_send:396 - Info:{'time': '2023-02-25 17:05:34.951594', 'e_mail': '495108670@qq.com', 'gender': '男', 'age': 25, 'city': '臺北市', 'area': '全部', 'professional': '有專門證照', 'job': '土石採礦工作', 'mphone': '1234567890', 'ip': 'Nan'}
2023-02-25 17:06:39.145 | INFO     | __main__:findJob_email_send:396 - Info:{'time': '2023-02-25 17:06:39.143820', 'e_mail': '495108670@qq.com', 'gender': '男', 'age': 25, 'city': '臺北市', 'area': '全部', 'professional': '有專門證照', 'job': '土石採礦工作', 'mphone': '1234567890', 'ip': 'Nan'}
2023-02-25 17:07:21.018 | INFO     | __main__:findJob_email_send:396 - Info:{'time': '2023-02-25 17:07:21.018118', 'e_mail': '495108670@qq.com', 'gender': '男', 'age': 25, 'city': '臺北市', 'area': '全部', 'professional': '有專門證照', 'job': '土石採礦工作', 'mphone': '1234567890', 'ip': 'Nan'}
2023-02-25 17:08:33.717 | INFO     | __main__:findJob_email_send:396 - Info:{'time': '2023-02-25 17:08:33.717969', 'e_mail': '495108670@qq.com', 'gender': '男', 'age': 25, 'city': '臺北市', 'area': '全部', 'professional': '有專門證照', 'job': '土石採礦工作', 'mphone': '1234567890', 'ip': 'Nan'}
2023-02-25 17:08:47.782 | INFO     | __main__:findJob_email_send:396 - Info:{'time': '2023-02-25 17:08:47.780330', 'e_mail': '495108670@qq.com', 'gender': '男', 'age': 25, 'city': '臺南市', 'area': '全部', 'professional': '有專門證照', 'job': '土石採礦工作', 'mphone': '1234567890', 'ip': 'Nan'}
2023-02-25 17:09:17.949 | INFO     | __main__:findJob_email_send:396 - Info:{'time': '2023-02-25 17:09:17.947179', 'e_mail': '495108670@qq.com', 'gender': '男', 'age': 25, 'city': '臺北市', 'area': '全部', 'professional': '有專門證照', 'job': '土石採礦工作', 'mphone': '1234567890', 'ip': 'Nan'}
2023-02-25 17:10:01.983 | INFO     | __main__:findJob_email_send:396 - Info:{'time': '2023-02-25 17:10:01.967479', 'e_mail': '495108670@qq.com', 'gender': '男', 'age': 25, 'city': '臺北市', 'area': '內湖區', 'professional': '有專門證照', 'job': '土石採礦工作', 'mphone': '1111111111', 'ip': 'Nan'}
2023-02-25 17:21:22.183 | INFO     | __main__:changeJob_email_send:486 - Info:{'time': '2023-02-25 17:21:22.183927', 'e_mail': '495108670@qq.com', 'gender': '男', 'age': 25, 'city': '臺北市', 'area': '全部', 'job_year': '1年以下', 'present_job': '土石採礦工作', 'mphone': '1234567890', 'ip': 'Nan'}
2023-02-25 17:21:42.609 | INFO     | __main__:changeJob_email_send:486 - Info:{'time': '2023-02-25 17:21:42.607650', 'e_mail': '495108670@qq.com', 'gender': '男', 'age': 25, 'city': '臺北市', 'area': '全部', 'job_year': '1年以下', 'present_job': '土石採礦工作', 'mphone': '1234567890', 'ip': 'Nan'}
2023-02-25 17:22:28.833 | INFO     | __main__:changeJob_email_send:486 - Info:{'time': '2023-02-25 17:22:28.833159', 'e_mail': '495108670@qq.com', 'gender': '男', 'age': 25, 'city': '臺北市', 'area': '全部', 'job_year': '1年以下', 'present_job': '土石採礦工作', 'mphone': '1234567890', 'ip': 'Nan'}
2023-02-25 17:23:09.149 | INFO     | __main__:changeJob_email_send:486 - Info:{'time': '2023-02-25 17:23:09.149694', 'e_mail': '495108670@qq.com', 'gender': '男', 'age': 25, 'city': '臺北市', 'area': '全部', 'job_year': '1年以下', 'present_job': '土石採礦工作', 'mphone': '1234567890', 'ip': 'Nan'}
2023-02-25 17:23:22.742 | INFO     | __main__:changeJob_email_send:486 - Info:{'time': '2023-02-25 17:23:22.740342', 'e_mail': '495108670@qq.com', 'gender': '男', 'age': 25, 'city': '臺北市', 'area': '松山區', 'job_year': '1年以下', 'present_job': '土石採礦工作', 'mphone': '1234567890', 'ip': 'Nan'}
2023-02-25 17:35:49.582 | INFO     | __main__:findJob_email_send:394 - Info:{'time': '2023-02-25 17:35:49.582675', 'e_mail': '495108670@qq.com', 'gender': '男', 'age': 25, 'city': '臺北市', 'area': '全部', 'professional': '有專門證照', 'job': '土石採礦工作', 'mphone': '1234567890', 'ip': 'Nan'}
2023-02-25 17:41:03.166 | INFO     | __main__:findJob_email_send:394 - Info:{'time': '2023-02-25 17:41:03.166738', 'e_mail': '495108670@qq.com', 'gender': '男', 'age': 25, 'city': '臺北市', 'area': '全部', 'professional': '有專門證照', 'job': '土石採礦工作', 'mphone': '1234567890', 'ip': 'Nan'}
2023-02-25 17:42:45.831 | INFO     | __main__:findJob_email_send:394 - Info:{'time': '2023-02-25 17:42:45.831158', 'e_mail': '12313@123.com', 'gender': '男', 'age': 25, 'city': '臺北市', 'area': '全部', 'professional': '有專門證照', 'job': '土石採礦工作', 'mphone': '1234567898', 'ip': 'Nan'}
2023-02-25 17:44:57.997 | INFO     | __main__:findJob_email_send:394 - Info:{'time': '2023-02-25 17:44:57.997728', 'e_mail': '495108670@qq.com', 'gender': '男', 'age': 25, 'city': '臺北市', 'area': '全部', 'professional': '有專門證照', 'job': '土石採礦工作', 'mphone': '1234567890', 'ip': 'Nan'}
2023-02-25 17:50:12.901 | INFO     | __main__:findJob_email_send:394 - Info:{'time': '2023-02-25 17:50:12.900185', 'e_mail': '495108670@qq.com', 'gender': '男', 'age': 40, 'city': '臺北市', 'area': '信義區', 'professional': '有專門證照', 'job': '土石採礦工作', 'mphone': '1234567890', 'ip': 'Nan'}
2023-02-25 17:51:57.780 | INFO     | __main__:findJob_email_send:394 - Info:{'time': '2023-02-25 17:51:57.780018', 'e_mail': '495108670@qq.com', 'gender': '男', 'age': 30, 'city': '臺北市', 'area': '中山區', 'professional': '有專門證照', 'job': '土石採礦工作', 'mphone': '1234567890', 'ip': 'Nan'}
2023-02-25 17:52:24.233 | INFO     | __main__:changeJob_email_send:479 - Info:{'time': '2023-02-25 17:52:24.231260', 'e_mail': '495108670@qq.com', 'gender': '男', 'age': 25, 'city': '臺北市', 'area': '全部', 'job_year': '1年以下', 'present_job': '土石採礦工作', 'mphone': '1234567890', 'ip': 'Nan'}
2023-02-25 17:53:06.541 | INFO     | __main__:changeJob_email_send:479 - Info:{'time': '2023-02-25 17:53:06.539603', 'e_mail': '495108670@qq.com', 'gender': '男', 'age': 30, 'city': '臺北市', 'area': '大同區', 'job_year': '1年以下', 'present_job': '土石採礦工作', 'mphone': '1234567890', 'ip': 'Nan'}
2023-02-25 17:53:34.380 | INFO     | __main__:changeJob_email_send:479 - Info:{'time': '2023-02-25 17:53:34.378438', 'e_mail': '495108670@qq.com', 'gender': '男', 'age': 40, 'city': '臺北市', 'area': '北投區', 'job_year': '1年以下', 'present_job': '土石採礦工作', 'mphone': '1234567890', 'ip': 'Nan'}
2023-02-25 23:24:03.606 | INFO     | __main__:findJob_email_send:394 - Info:{'time': '2023-02-25 23:24:03.604434', 'e_mail': '495108670@qq.com', 'gender': '男', 'age': 25, 'city': '臺北市', 'area': '全部', 'professional': '有專門證照', 'job': '土石採礦工作', 'mphone': '1234567890', 'ip': 'Nan'}
2023-02-25 23:25:12.688 | INFO     | __main__:findJob_email_send:394 - Info:{'time': '2023-02-25 23:25:12.687451', 'e_mail': '495108670@qq.com', 'gender': '男', 'age': 25, 'city': '臺北市', 'area': '全部', 'professional': '有專門證照', 'job': '土石採礦工作', 'mphone': '1234567890', 'ip': 'Nan'}
2023-02-25 23:25:38.477 | INFO     | __main__:findJob_email_send:394 - Info:{'time': '2023-02-25 23:25:38.477198', 'e_mail': '495108670@qq.com', 'gender': '男', 'age': 25, 'city': '臺北市', 'area': '全部', 'professional': '有專門證照', 'job': '土石採礦工作', 'mphone': '1234567890', 'ip': 'Nan'}
2023-02-25 23:26:04.955 | INFO     | __main__:changeJob_email_send:479 - Info:{'time': '2023-02-25 23:26:04.954266', 'e_mail': '495108670@qq.com', 'gender': '男', 'age': 25, 'city': '臺北市', 'area': '全部', 'job_year': '1年以下', 'present_job': '土石採礦工作', 'mphone': '1234567890', 'ip': 'Nan'}
2023-02-25 23:27:37.800 | INFO     | __main__:findJob_email_send:394 - Info:{'time': '2023-02-25 23:27:37.799289', 'e_mail': '495108670@qq.com', 'gender': '男', 'age': 25, 'city': '臺北市', 'area': '全部', 'professional': '有專門證照', 'job': '土石採礦工作', 'mphone': '1234567890', 'ip': 'Nan'}
2023-02-25 23:28:15.550 | INFO     | __main__:findJob_email_send:394 - Info:{'time': '2023-02-25 23:28:15.549646', 'e_mail': '495108670@qq.com', 'gender': '男', 'age': 25, 'city': '臺北市', 'area': '全部', 'professional': '有專門證照', 'job': '金融保險業', 'mphone': '1234567890', 'ip': 'Nan'}
2023-02-25 23:29:04.668 | INFO     | __main__:findJob_email_send:394 - Info:{'time': '2023-02-25 23:29:04.667083', 'e_mail': '495108670@qq.com', 'gender': '男', 'age': 25, 'city': '臺北市', 'area': '全部', 'professional': '有專門證照', 'job': '土石採礦工作', 'mphone': '1234567890', 'ip': 'Nan'}
2023-02-25 23:29:38.488 | INFO     | __main__:findJob_email_send:394 - Info:{'time': '2023-02-25 23:29:38.486687', 'e_mail': '495108670@qq.com', 'gender': '男', 'age': 25, 'city': '臺北市', 'area': '全部', 'professional': '有專門證照', 'job': '土石採礦工作', 'mphone': '1234567890', 'ip': 'Nan'}
2023-02-25 23:30:08.425 | INFO     | __main__:findJob_email_send:394 - Info:{'time': '2023-02-25 23:30:08.424330', 'e_mail': '495108670@qq.com', 'gender': '男', 'age': 25, 'city': '臺北市', 'area': '全部', 'professional': '有專門證照', 'job': '不動產業', 'mphone': '1234567890', 'ip': 'Nan'}
2023-02-25 23:33:57.075 | INFO     | __main__:findJob_email_send:394 - Info:{'time': '2023-02-25 23:33:57.074398', 'e_mail': '495108670@qq.com', 'gender': '男', 'age': 25, 'city': '臺北市', 'area': '全部', 'professional': '有專門證照', 'job': '土石採礦工作', 'mphone': '1234567890', 'ip': 'Nan'}
2023-02-25 23:35:19.237 | INFO     | __main__:findJob_email_send:394 - Info:{'time': '2023-02-25 23:35:19.235402', 'e_mail': '495108670@qq.com', 'gender': '男', 'age': 25, 'city': '臺北市', 'area': '全部', 'professional': '有專門證照', 'job': '土石採礦工作', 'mphone': '1234567890', 'ip': 'Nan'}
2023-02-25 23:36:55.024 | INFO     | __main__:findJob_email_send:394 - Info:{'time': '2023-02-25 23:36:55.023825', 'e_mail': '495108670@qq.com', 'gender': '男', 'age': 25, 'city': '臺北市', 'area': '全部', 'professional': '有專門證照', 'job': '土石採礦工作', 'mphone': '1234567890', 'ip': 'Nan'}
2023-02-25 23:37:29.369 | INFO     | __main__:findJob_email_send:394 - Info:{'time': '2023-02-25 23:37:29.368533', 'e_mail': '495108670@qq.com', 'gender': '男', 'age': 25, 'city': '臺北市', 'area': '全部', 'professional': '有專門證照', 'job': '土石採礦工作', 'mphone': '1234567890', 'ip': 'Nan'}
2023-02-25 23:38:11.484 | INFO     | __main__:findJob_email_send:394 - Info:{'time': '2023-02-25 23:38:11.483644', 'e_mail': '495108670@qq.com', 'gender': '男', 'age': 25, 'city': '臺北市', 'area': '全部', 'professional': '有專門證照', 'job': '土石採礦工作', 'mphone': '1234567890', 'ip': 'Nan'}
2023-02-25 23:38:24.173 | INFO     | __main__:findJob_email_send:394 - Info:{'time': '2023-02-25 23:38:24.172334', 'e_mail': '495108670@qq.com', 'gender': '男', 'age': 25, 'city': '臺北市', 'area': '全部', 'professional': '有專門證照', 'job': '土石採礦工作', 'mphone': '1234567890', 'ip': 'Nan'}
2023-02-25 23:40:12.886 | INFO     | __main__:findJob_email_send:394 - Info:{'time': '2023-02-25 23:40:12.885365', 'e_mail': '495108670@qq.com', 'gender': '男', 'age': 25, 'city': '臺北市', 'area': '全部', 'professional': '有專門證照', 'job': '土石採礦工作', 'mphone': '1234567890', 'ip': 'Nan'}
2023-02-25 23:40:46.523 | INFO     | __main__:findJob_email_send:394 - Info:{'time': '2023-02-25 23:40:46.521792', 'e_mail': '495108670@qq.com', 'gender': '男', 'age': 25, 'city': '臺北市', 'area': '全部', 'professional': '有專門證照', 'job': '土石採礦工作', 'mphone': '1234567890', 'ip': 'Nan'}
2023-02-25 23:41:53.875 | INFO     | __main__:findJob_email_send:394 - Info:{'time': '2023-02-25 23:41:53.873601', 'e_mail': '495108670@qq.com', 'gender': '男', 'age': 25, 'city': '臺北市', 'area': '全部', 'professional': '有專門證照', 'job': '土石採礦工作', 'mphone': '1234567890', 'ip': 'Nan'}
2023-02-25 23:42:09.941 | INFO     | __main__:findJob_email_send:394 - Info:{'time': '2023-02-25 23:42:09.939317', 'e_mail': '495108670@qq.com', 'gender': '男', 'age': 25, 'city': '臺北市', 'area': '全部', 'professional': '有專門證照', 'job': '土石採礦工作', 'mphone': '1234567890', 'ip': 'Nan'}
2023-02-25 23:42:42.532 | INFO     | __main__:findJob_email_send:394 - Info:{'time': '2023-02-25 23:42:42.530034', 'e_mail': '495108670@qq.com', 'gender': '男', 'age': 25, 'city': '臺北市', 'area': '全部', 'professional': '有專門證照', 'job': '土石採礦工作', 'mphone': '1234567890', 'ip': 'Nan'}
2023-02-25 23:43:07.929 | INFO     | __main__:findJob_email_send:394 - Info:{'time': '2023-02-25 23:43:07.927437', 'e_mail': '495108670@qq.com', 'gender': '男', 'age': 25, 'city': '臺北市', 'area': '全部', 'professional': '有專門證照', 'job': '土石採礦工作', 'mphone': '1234567890', 'ip': 'Nan'}
2023-02-25 23:43:41.886 | INFO     | __main__:findJob_email_send:394 - Info:{'time': '2023-02-25 23:43:41.885251', 'e_mail': '495108670@qq.com', 'gender': '男', 'age': 25, 'city': '臺北市', 'area': '全部', 'professional': '有專門證照', 'job': '土石採礦工作', 'mphone': '1234567890', 'ip': 'Nan'}
2023-02-25 23:53:24.870 | INFO     | __main__:findJob_email_send:394 - Info:{'time': '2023-02-25 23:53:24.868899', 'e_mail': '495108670@qq.com', 'gender': '男', 'age': 25, 'city': '臺北市', 'area': '全部', 'professional': '有專門證照', 'job': '土石採礦工作', 'mphone': '1234567890', 'ip': 'Nan'}
2023-02-25 23:53:39.379 | INFO     | __main__:findJob_email_send:394 - Info:{'time': '2023-02-25 23:53:39.377859', 'e_mail': '495108670@qq.com', 'gender': '男', 'age': 25, 'city': '臺北市', 'area': '全部', 'professional': '有專門證照', 'job': '土石採礦工作', 'mphone': '1234567890', 'ip': 'Nan'}
2023-02-25 23:54:02.199 | INFO     | __main__:findJob_email_send:394 - Info:{'time': '2023-02-25 23:54:02.197425', 'e_mail': '495108670@qq.com', 'gender': '男', 'age': 25, 'city': '臺北市', 'area': '全部', 'professional': '有專門證照', 'job': '土石採礦工作', 'mphone': '1234567890', 'ip': 'Nan'}
2023-02-25 23:54:29.829 | INFO     | __main__:findJob_email_send:394 - Info:{'time': '2023-02-25 23:54:29.827851', 'e_mail': '495108670@qq.com', 'gender': '男', 'age': 25, 'city': '臺北市', 'area': '全部', 'professional': '有專門證照', 'job': '土石採礦工作', 'mphone': '1234567890', 'ip': 'Nan'}
2023-02-25 23:54:55.412 | INFO     | __main__:findJob_email_send:394 - Info:{'time': '2023-02-25 23:54:55.410400', 'e_mail': '495108670@qq.com', 'gender': '男', 'age': 25, 'city': '臺北市', 'area': '全部', 'professional': '有專門證照', 'job': '土石採礦工作', 'mphone': '1234567890', 'ip': 'Nan'}
2023-02-25 23:55:20.677 | INFO     | __main__:findJob_email_send:394 - Info:{'time': '2023-02-25 23:55:20.675238', 'e_mail': '495108670@qq.com', 'gender': '男', 'age': 25, 'city': '臺北市', 'area': '全部', 'professional': '有專門證照', 'job': '土石採礦工作', 'mphone': '1234567890', 'ip': 'Nan'}
2023-02-25 23:57:48.826 | INFO     | __main__:changeJob_email_send:479 - Info:{'time': '2023-02-25 23:57:48.826453', 'e_mail': '495108670@qq.com', 'gender': '男', 'age': 25, 'city': '臺北市', 'area': '全部', 'job_year': '1年以下', 'present_job': '土石採礦工作', 'mphone': '1234567890', 'ip': 'Nan'}
2023-02-25 23:58:23.860 | INFO     | __main__:changeJob_email_send:479 - Info:{'time': '2023-02-25 23:58:23.860918', 'e_mail': '495108670@qq.com', 'gender': '男', 'age': 25, 'city': '臺北市', 'area': '全部', 'job_year': '1年以下', 'present_job': '土石採礦工作', 'mphone': '1234567890', 'ip': 'Nan'}
2023-02-25 23:59:28.277 | INFO     | __main__:changeJob_email_send:479 - Info:{'time': '2023-02-25 23:59:28.277226', 'e_mail': '495108670@qq.com', 'gender': '男', 'age': 25, 'city': '臺北市', 'area': '全部', 'job_year': '1年以下', 'present_job': '運輸及倉儲工作', 'mphone': '1234567890', 'ip': 'Nan'}
2023-02-26 00:01:13.944 | INFO     | __main__:findJob_email_send:394 - Info:{'time': '2023-02-26 00:01:13.944826', 'e_mail': '495108670@qq.com', 'gender': '男', 'age': 25, 'city': '臺北市', 'area': '全部', 'professional': '有專門證照', 'job': '土石採礦工作', 'mphone': '1234567890', 'ip': 'Nan'}
2023-02-26 00:03:59.175 | INFO     | __main__:findJob_email_send:394 - Info:{'time': '2023-02-26 00:03:59.175549', 'e_mail': '495108670@qq.com', 'gender': '男', 'age': 25, 'city': '臺北市', 'area': '全部', 'professional': '有專門證照', 'job': '土石採礦工作', 'mphone': '1234567890', 'ip': 'Nan'}
2023-02-26 00:04:45.009 | INFO     | __main__:findJob_email_send:394 - Info:{'time': '2023-02-26 00:04:45.009176', 'e_mail': '495108670@qq.com', 'gender': '男', 'age': 25, 'city': '臺北市', 'area': '全部', 'professional': '有專門證照', 'job': '土石採礦工作', 'mphone': '1234567890', 'ip': 'Nan'}
2023-02-26 00:08:07.750 | INFO     | __main__:findJob_email_send:394 - Info:{'time': '2023-02-26 00:08:07.748597', 'e_mail': '495108670@qq.com', 'gender': '男', 'age': 25, 'city': '臺北市', 'area': '全部', 'professional': '有專門證照', 'job': '土石採礦工作', 'mphone': '1234567890', 'ip': 'Nan'}
2023-02-26 00:08:33.127 | INFO     | __main__:findJob_email_send:394 - Info:{'time': '2023-02-26 00:08:33.126829', 'e_mail': '495108670@qq.com', 'gender': '男', 'age': 25, 'city': '臺北市', 'area': '全部', 'professional': '有專門證照', 'job': '土石採礦工作', 'mphone': '1234567890', 'ip': 'Nan'}
2023-02-26 00:17:05.928 | INFO     | __main__:findJob_email_send:394 - Info:{'time': '2023-02-26 00:17:05.927269', 'e_mail': '495108670@qq.com', 'gender': '男', 'age': 25, 'city': '臺北市', 'area': '全部', 'professional': '有專門證照', 'job': '土石採礦工作', 'mphone': '1234567890', 'ip': 'Nan'}
2023-02-26 00:17:22.630 | INFO     | __main__:findJob_email_send:394 - Info:{'time': '2023-02-26 00:17:22.628253', 'e_mail': '495108670@qq.com', 'gender': '男', 'age': 25, 'city': '臺北市', 'area': '全部', 'professional': '有專門證照', 'job': '土石採礦工作', 'mphone': '1234567890', 'ip': 'Nan'}
2023-02-26 00:18:28.998 | INFO     | __main__:findJob_email_send:394 - Info:{'time': '2023-02-26 00:18:28.995501', 'e_mail': '495108670@qq.com', 'gender': '男', 'age': 25, 'city': '臺北市', 'area': '全部', 'professional': '有專門證照', 'job': '土石採礦工作', 'mphone': '1234567890', 'ip': 'Nan'}
2023-02-26 00:23:12.757 | INFO     | __main__:findJob_email_send:394 - Info:{'time': '2023-02-26 00:23:12.754891', 'e_mail': '495108670@qq.com', 'gender': '男', 'age': 25, 'city': '臺北市', 'area': '全部', 'professional': '有專門證照', 'job': '土石採礦工作', 'mphone': '1234567890', 'ip': 'Nan'}
2023-02-26 00:23:45.823 | INFO     | __main__:findJob_email_send:394 - Info:{'time': '2023-02-26 00:23:45.823645', 'e_mail': '495108670@qq.com', 'gender': '男', 'age': 25, 'city': '臺北市', 'area': '全部', 'professional': '有專門證照', 'job': '土石採礦工作', 'mphone': '1234567890', 'ip': 'Nan'}
2023-02-26 00:23:58.007 | INFO     | __main__:changeJob_email_send:479 - Info:{'time': '2023-02-26 00:23:58.007534', 'e_mail': '495108670@qq.com', 'gender': '男', 'age': 25, 'city': '臺北市', 'area': '全部', 'job_year': '1年以下', 'present_job': '土石採礦工作', 'mphone': '1234567890', 'ip': 'Nan'}
2023-02-26 00:24:35.840 | INFO     | __main__:changeJob_email_send:479 - Info:{'time': '2023-02-26 00:24:35.840866', 'e_mail': '495108670@qq.com', 'gender': '男', 'age': 25, 'city': '臺北市', 'area': '全部', 'job_year': '1年以下', 'present_job': '土石採礦工作', 'mphone': '1234567890', 'ip': 'Nan'}
2023-02-26 00:25:22.506 | INFO     | __main__:changeJob_email_send:479 - Info:{'time': '2023-02-26 00:25:22.506987', 'e_mail': '495108670@qq.com', 'gender': '男', 'age': 25, 'city': '臺北市', 'area': '全部', 'job_year': '1年以下', 'present_job': '用水及污染整治工作', 'mphone': '1234567890', 'ip': 'Nan'}
2023-02-26 00:25:48.007 | INFO     | __main__:changeJob_email_send:479 - Info:{'time': '2023-02-26 00:25:48.007209', 'e_mail': '495108670@qq.com', 'gender': '男', 'age': 25, 'city': '臺北市', 'area': '全部', 'job_year': '1年以下', 'present_job': '運輸及倉儲工作', 'mphone': '1234567890', 'ip': 'Nan'}
